<?xml version="1.0" encoding="UTF-8"?>
<!-- Generated by org.testng.reporters.JUnitReportReporter -->
<testsuite hostname="testing-gce-620a82cd-cc99-44e6-916e-7113bc1c7b8f.c.travis-ci-prod-5.internal" name="com.yahoo.omid.timestamp.storage.TestZKTimestampStorage" tests="3" failures="0" timestamp="14 Mar 2016 18:12:11 GMT" time="16.889" errors="0">
  <testcase name="testBasicFunctionality" time="2.443" classname="com.yahoo.omid.timestamp.storage.TestZKTimestampStorage"/>
  <testcase name="testZkClientWhenZKIsDownAndRestarts" time="13.250" classname="com.yahoo.omid.timestamp.storage.TestZKTimestampStorage"/>
  <testcase name="testZkClientLosingSession" time="1.196" classname="com.yahoo.omid.timestamp.storage.TestZKTimestampStorage"/>
</testsuite> <!-- com.yahoo.omid.timestamp.storage.TestZKTimestampStorage -->
