<?xml version="1.0" encoding="UTF-8"?>
<!-- Generated by org.testng.reporters.JUnitReportReporter -->
<testsuite hostname="testing-gce-fb862589-bb66-4e53-8fb4-63c45588e22a.c.travis-ci-prod-3.internal" name="com.yahoo.omid.timestamp.storage.TestZKTimestampStorage" tests="3" failures="0" timestamp="15 Mar 2016 17:23:13 GMT" time="13.561" errors="0">
  <testcase name="testBasicFunctionality" time="2.130" classname="com.yahoo.omid.timestamp.storage.TestZKTimestampStorage"/>
  <testcase name="testZkClientWhenZKIsDownAndRestarts" time="9.272" classname="com.yahoo.omid.timestamp.storage.TestZKTimestampStorage"/>
  <testcase name="testZkClientLosingSession" time="2.159" classname="com.yahoo.omid.timestamp.storage.TestZKTimestampStorage"/>
</testsuite> <!-- com.yahoo.omid.timestamp.storage.TestZKTimestampStorage -->
