<?xml version="1.0" encoding="UTF-8"?>
<!-- Generated by org.testng.reporters.JUnitReportReporter -->
<testsuite hostname="testing-gce-fb862589-bb66-4e53-8fb4-63c45588e22a.c.travis-ci-prod-3.internal" name="com.yahoo.omid.committable.hbase.TestHBaseCommitTable" tests="3" failures="0" timestamp="15 Mar 2016 17:23:51 GMT" time="7.902" errors="0">
  <testcase name="testClosingClientEmptyQueuesProperly" time="2.112" classname="com.yahoo.omid.committable.hbase.TestHBaseCommitTable"/>
  <testcase name="testBasicBehaviour" time="3.944" classname="com.yahoo.omid.committable.hbase.TestHBaseCommitTable"/>
  <testcase name="testTransactionInvalidation" time="1.846" classname="com.yahoo.omid.committable.hbase.TestHBaseCommitTable"/>
</testsuite> <!-- com.yahoo.omid.committable.hbase.TestHBaseCommitTable -->
