<?xml version="1.0" encoding="UTF-8"?>
<!-- Generated by org.testng.reporters.JUnitReportReporter -->
<testsuite hostname="testing-gce-620a82cd-cc99-44e6-916e-7113bc1c7b8f.c.travis-ci-prod-5.internal" name="com.yahoo.omid.committable.hbase.TestHBaseCommitTable" tests="3" failures="0" timestamp="14 Mar 2016 18:12:55 GMT" time="8.989" errors="0">
  <testcase name="testClosingClientEmptyQueuesProperly" time="2.097" classname="com.yahoo.omid.committable.hbase.TestHBaseCommitTable"/>
  <testcase name="testBasicBehaviour" time="4.716" classname="com.yahoo.omid.committable.hbase.TestHBaseCommitTable"/>
  <testcase name="testTransactionInvalidation" time="2.176" classname="com.yahoo.omid.committable.hbase.TestHBaseCommitTable"/>
</testsuite> <!-- com.yahoo.omid.committable.hbase.TestHBaseCommitTable -->
