<?xml version="1.0" encoding="UTF-8"?>
<!-- Generated by org.testng.reporters.JUnitReportReporter -->
<testsuite hostname="testing-gce-620a82cd-cc99-44e6-916e-7113bc1c7b8f.c.travis-ci-prod-5.internal" name="com.yahoo.omid.YAMLUtilsTest" tests="2" failures="0" timestamp="14 Mar 2016 18:11:40 GMT" time="0.237" errors="0">
  <testcase name="testLoadDefaultSettings_setToBean" time="0.231" classname="com.yahoo.omid.YAMLUtilsTest"/>
  <testcase name="testLoadDefaultSettings_setToBean2" time="0.006" classname="com.yahoo.omid.YAMLUtilsTest"/>
</testsuite> <!-- com.yahoo.omid.YAMLUtilsTest -->
