<?xml version="1.0" encoding="UTF-8"?>
<testsuite xmlns:xsi="http://www.w3.org/2001/XMLSchema-instance" xsi:schemaLocation="https://maven.apache.org/surefire/maven-surefire-plugin/xsd/surefire-test-report.xsd" name="com.yahoo.omid.tso.TestPersistenceProcessor" time="5.274" tests="7" errors="0" skipped="0" failures="1">
  <properties>
    <property name="java.runtime.name" value="Java(TM) SE Runtime Environment"/>
    <property name="sun.boot.library.path" value="/usr/lib/jvm/java-8-oracle/jre/lib/amd64"/>
    <property name="java.vm.version" value="25.66-b17"/>
    <property name="java.vm.vendor" value="Oracle Corporation"/>
    <property name="java.vendor.url" value="http://java.oracle.com/"/>
    <property name="path.separator" value=":"/>
    <property name="guice.disable.misplaced.annotation.check" value="true"/>
    <property name="java.vm.name" value="Java HotSpot(TM) 64-Bit Server VM"/>
    <property name="file.encoding.pkg" value="sun.io"/>
    <property name="user.country" value="US"/>
    <property name="sun.java.launcher" value="SUN_STANDARD"/>
    <property name="sun.os.patch.level" value="unknown"/>
    <property name="java.vm.specification.name" value="Java Virtual Machine Specification"/>
    <property name="user.dir" value="/home/travis/build/yahoo/omid"/>
    <property name="java.runtime.version" value="1.8.0_66-b17"/>
    <property name="java.awt.graphicsenv" value="sun.awt.X11GraphicsEnvironment"/>
    <property name="java.endorsed.dirs" value="/usr/lib/jvm/java-8-oracle/jre/lib/endorsed"/>
    <property name="os.arch" value="amd64"/>
    <property name="java.io.tmpdir" value="/tmp"/>
    <property name="line.separator" value="&#10;"/>
    <property name="java.vm.specification.vendor" value="Oracle Corporation"/>
    <property name="os.name" value="Linux"/>
    <property name="classworlds.conf" value="/usr/local/maven/bin/m2.conf"/>
    <property name="sun.jnu.encoding" value="UTF-8"/>
    <property name="java.library.path" value="/usr/java/packages/lib/amd64:/usr/lib64:/lib64:/lib:/usr/lib"/>
    <property name="java.specification.name" value="Java Platform API Specification"/>
    <property name="java.class.version" value="52.0"/>
    <property name="sun.management.compiler" value="HotSpot 64-Bit Tiered Compilers"/>
    <property name="maven.repo.local" value="/home/travis/.m2/repository"/>
    <property name="os.version" value="3.13.0-63-generic"/>
    <property name="user.home" value="/home/travis"/>
    <property name="user.timezone" value="Etc/UTC"/>
    <property name="java.awt.printerjob" value="sun.print.PSPrinterJob"/>
    <property name="file.encoding" value="UTF-8"/>
    <property name="java.specification.version" value="1.8"/>
    <property name="user.name" value="travis"/>
    <property name="java.class.path" value="/usr/local/maven/boot/plexus-classworlds-2.5.2.jar"/>
    <property name="java.vm.specification.version" value="1.8"/>
    <property name="sun.arch.data.model" value="64"/>
    <property name="java.home" value="/usr/lib/jvm/java-8-oracle/jre"/>
    <property name="sun.java.command" value="org.codehaus.plexus.classworlds.launcher.Launcher clean test"/>
    <property name="java.specification.vendor" value="Oracle Corporation"/>
    <property name="user.language" value="en"/>
    <property name="awt.toolkit" value="sun.awt.X11.XToolkit"/>
    <property name="java.vm.info" value="mixed mode"/>
    <property name="java.version" value="1.8.0_66"/>
    <property name="java.ext.dirs" value="/usr/lib/jvm/java-8-oracle/jre/lib/ext:/usr/java/packages/lib/ext"/>
    <property name="securerandom.source" value="file:/dev/./urandom"/>
    <property name="sun.boot.class.path" value="/usr/lib/jvm/java-8-oracle/jre/lib/resources.jar:/usr/lib/jvm/java-8-oracle/jre/lib/rt.jar:/usr/lib/jvm/java-8-oracle/jre/lib/sunrsasign.jar:/usr/lib/jvm/java-8-oracle/jre/lib/jsse.jar:/usr/lib/jvm/java-8-oracle/jre/lib/jce.jar:/usr/lib/jvm/java-8-oracle/jre/lib/charsets.jar:/usr/lib/jvm/java-8-oracle/jre/lib/jfr.jar:/usr/lib/jvm/java-8-oracle/jre/classes"/>
    <property name="java.vendor" value="Oracle Corporation"/>
    <property name="maven.home" value="/usr/local/maven"/>
    <property name="file.separator" value="/"/>
    <property name="java.vendor.url.bug" value="http://bugreport.sun.com/bugreport/"/>
    <property name="sun.cpu.endian" value="little"/>
    <property name="sun.io.unicode.encoding" value="UnicodeLittle"/>
    <property name="sun.cpu.isalist" value=""/>
  </properties>
  <testcase name="testCommitPersistenceWithHALeaseManager" classname="com.yahoo.omid.tso.TestPersistenceProcessor" time="0.202">
    <failure message="&#10;Wanted but not invoked:&#10;batch.sendReply(&lt;any&gt;, &lt;any&gt;, &lt;any&gt;, false);&#10;-&gt; at com.yahoo.omid.tso.TestPersistenceProcessor.testCommitPersistenceWithHALeaseManagerPerConfig(TestPersistenceProcessor.java:244)&#10;&#10;However, there were other interactions with this mock:&#10;-&gt; at com.yahoo.omid.tso.PersistenceProcessorImpl.persistCommit(PersistenceProcessorImpl.java:184)&#10;-&gt; at com.yahoo.omid.tso.PersistenceProcessorImpl.persistCommit(PersistenceProcessorImpl.java:185)&#10;-&gt; at com.yahoo.omid.tso.PersistenceProcessorImpl.persistFlush(PersistenceProcessorImpl.java:173)&#10;-&gt; at com.yahoo.omid.tso.PersistenceProcessorImpl$PersistenceProcessorHandler.onEvent(PersistenceProcessorImpl.java:366)&#10;-&gt; at com.yahoo.omid.tso.PersistenceProcessorImpl$PersistenceProcessorHandler.flush(PersistenceProcessorImpl.java:408)&#10;" type="org.mockito.exceptions.verification.WantedButNotInvoked"><![CDATA[org.mockito.exceptions.verification.WantedButNotInvoked: 

Wanted but not invoked:
batch.sendReply(<any>, <any>, <any>, false);
-> at com.yahoo.omid.tso.TestPersistenceProcessor.testCommitPersistenceWithHALeaseManagerPerConfig(TestPersistenceProcessor.java:244)

However, there were other interactions with this mock:
-> at com.yahoo.omid.tso.PersistenceProcessorImpl.persistCommit(PersistenceProcessorImpl.java:184)
-> at com.yahoo.omid.tso.PersistenceProcessorImpl.persistCommit(PersistenceProcessorImpl.java:185)
-> at com.yahoo.omid.tso.PersistenceProcessorImpl.persistFlush(PersistenceProcessorImpl.java:173)
-> at com.yahoo.omid.tso.PersistenceProcessorImpl$PersistenceProcessorHandler.onEvent(PersistenceProcessorImpl.java:366)
-> at com.yahoo.omid.tso.PersistenceProcessorImpl$PersistenceProcessorHandler.flush(PersistenceProcessorImpl.java:408)

	at com.yahoo.omid.tso.TestPersistenceProcessor.testCommitPersistenceWithHALeaseManagerPerConfig(TestPersistenceProcessor.java:244)
	at com.yahoo.omid.tso.TestPersistenceProcessor.testCommitPersistenceWithHALeaseManager(TestPersistenceProcessor.java:201)
]]></failure>
    <system-err><![CDATA[16/03/15 17:23:57 [main] INFO tso.TSOServer: Iterating over network interfaces, found 'eth0'
 16/03/15 17:23:57 [main] INFO tso.PersistenceProcessor: Creating the persist processor with batch size 10000, and timeout 100ms
 16/03/15 17:23:57 [main] INFO tso.PersistenceProcessor: Creating the persist processor with batch size 10000, and timeout 100ms
 16/03/15 17:23:57 [main] INFO tso.PersistenceProcessor: Creating the persist processor with batch size 10000, and timeout 100ms
 16/03/15 17:23:57 [main] INFO tso.PersistenceProcessor: Creating the persist processor with batch size 10000, and timeout 100ms
 ]]></system-err>
  </testcase>
  <testcase name="testCommitPersistenceWithHALeaseManagerMultiHandlers" classname="com.yahoo.omid.tso.TestPersistenceProcessor" time="0.544"/>
  <testcase name="testCommitPersistenceWithMultiHandlers" classname="com.yahoo.omid.tso.TestPersistenceProcessor" time="0.226"/>
  <testcase name="testCommitPersistenceWithNonHALeaseManager" classname="com.yahoo.omid.tso.TestPersistenceProcessor" time="0.624"/>
  <testcase name="testCommitPersistenceWithSingleHanlderInMultiHandlersEnvironment" classname="com.yahoo.omid.tso.TestPersistenceProcessor" time="0.105"/>
  <testcase name="testCommitTableExceptionOnCommitPersistenceTakesDownDaemon" classname="com.yahoo.omid.tso.TestPersistenceProcessor" time="1.94"/>
  <testcase name="testRuntimeExceptionOnCommitPersistenceTakesDownDaemon" classname="com.yahoo.omid.tso.TestPersistenceProcessor" time="0.191"/>
</testsuite>