<?xml version="1.0" encoding="UTF-8"?>
<testsuite xmlns:xsi="http://www.w3.org/2001/XMLSchema-instance" xsi:schemaLocation="https://maven.apache.org/surefire/maven-surefire-plugin/xsd/surefire-test-report.xsd" name="com.yahoo.omid.tsoclient.TestTSOClientRequestAndResponseBehaviours" time="18.818" tests="13" errors="0" skipped="0" failures="0">
  <properties>
    <property name="java.runtime.name" value="Java(TM) SE Runtime Environment"/>
    <property name="sun.boot.library.path" value="/usr/lib/jvm/java-8-oracle/jre/lib/amd64"/>
    <property name="java.vm.version" value="25.66-b17"/>
    <property name="java.vm.vendor" value="Oracle Corporation"/>
    <property name="java.vendor.url" value="http://java.oracle.com/"/>
    <property name="path.separator" value=":"/>
    <property name="guice.disable.misplaced.annotation.check" value="true"/>
    <property name="java.vm.name" value="Java HotSpot(TM) 64-Bit Server VM"/>
    <property name="file.encoding.pkg" value="sun.io"/>
    <property name="user.country" value="US"/>
    <property name="sun.java.launcher" value="SUN_STANDARD"/>
    <property name="sun.os.patch.level" value="unknown"/>
    <property name="java.vm.specification.name" value="Java Virtual Machine Specification"/>
    <property name="user.dir" value="/home/travis/build/yahoo/omid"/>
    <property name="java.runtime.version" value="1.8.0_66-b17"/>
    <property name="java.awt.graphicsenv" value="sun.awt.X11GraphicsEnvironment"/>
    <property name="java.endorsed.dirs" value="/usr/lib/jvm/java-8-oracle/jre/lib/endorsed"/>
    <property name="os.arch" value="amd64"/>
    <property name="java.io.tmpdir" value="/tmp"/>
    <property name="line.separator" value="&#10;"/>
    <property name="java.vm.specification.vendor" value="Oracle Corporation"/>
    <property name="os.name" value="Linux"/>
    <property name="classworlds.conf" value="/usr/local/maven/bin/m2.conf"/>
    <property name="sun.jnu.encoding" value="UTF-8"/>
    <property name="java.library.path" value="/usr/java/packages/lib/amd64:/usr/lib64:/lib64:/lib:/usr/lib"/>
    <property name="java.specification.name" value="Java Platform API Specification"/>
    <property name="java.class.version" value="52.0"/>
    <property name="sun.management.compiler" value="HotSpot 64-Bit Tiered Compilers"/>
    <property name="maven.repo.local" value="/home/travis/.m2/repository"/>
    <property name="os.version" value="3.13.0-63-generic"/>
    <property name="user.home" value="/home/travis"/>
    <property name="user.timezone" value="Etc/UTC"/>
    <property name="java.awt.printerjob" value="sun.print.PSPrinterJob"/>
    <property name="file.encoding" value="UTF-8"/>
    <property name="java.specification.version" value="1.8"/>
    <property name="user.name" value="travis"/>
    <property name="java.class.path" value="/usr/local/maven/boot/plexus-classworlds-2.5.2.jar"/>
    <property name="java.vm.specification.version" value="1.8"/>
    <property name="sun.arch.data.model" value="64"/>
    <property name="java.home" value="/usr/lib/jvm/java-8-oracle/jre"/>
    <property name="sun.java.command" value="org.codehaus.plexus.classworlds.launcher.Launcher clean test"/>
    <property name="java.specification.vendor" value="Oracle Corporation"/>
    <property name="user.language" value="en"/>
    <property name="awt.toolkit" value="sun.awt.X11.XToolkit"/>
    <property name="java.vm.info" value="mixed mode"/>
    <property name="java.version" value="1.8.0_66"/>
    <property name="java.ext.dirs" value="/usr/lib/jvm/java-8-oracle/jre/lib/ext:/usr/java/packages/lib/ext"/>
    <property name="securerandom.source" value="file:/dev/./urandom"/>
    <property name="sun.boot.class.path" value="/usr/lib/jvm/java-8-oracle/jre/lib/resources.jar:/usr/lib/jvm/java-8-oracle/jre/lib/rt.jar:/usr/lib/jvm/java-8-oracle/jre/lib/sunrsasign.jar:/usr/lib/jvm/java-8-oracle/jre/lib/jsse.jar:/usr/lib/jvm/java-8-oracle/jre/lib/jce.jar:/usr/lib/jvm/java-8-oracle/jre/lib/charsets.jar:/usr/lib/jvm/java-8-oracle/jre/lib/jfr.jar:/usr/lib/jvm/java-8-oracle/jre/classes"/>
    <property name="java.vendor" value="Oracle Corporation"/>
    <property name="maven.home" value="/usr/local/maven"/>
    <property name="file.separator" value="/"/>
    <property name="java.vendor.url.bug" value="http://bugreport.sun.com/bugreport/"/>
    <property name="sun.cpu.endian" value="little"/>
    <property name="sun.io.unicode.encoding" value="UnicodeLittle"/>
    <property name="sun.cpu.isalist" value=""/>
  </properties>
  <testcase name="testCommitCanSucceedWhenChannelDisconnected" classname="com.yahoo.omid.tsoclient.TestTSOClientRequestAndResponseBehaviours" time="1.093"/>
  <testcase name="testCommitCanSucceedWithMultipleTimeouts" classname="com.yahoo.omid.tsoclient.TestTSOClientRequestAndResponseBehaviours" time="1.417"/>
  <testcase name="testCommitFailWhenTSOIsDown" classname="com.yahoo.omid.tsoclient.TestTSOClientRequestAndResponseBehaviours" time="1.478"/>
  <testcase name="testCommitGetsServiceUnavailableExceptionWhenCommunicationFails" classname="com.yahoo.omid.tsoclient.TestTSOClientRequestAndResponseBehaviours" time="2.432"/>
  <testcase name="testCommitTimestampNotPresentInCommitTableReturnsAnAbort" classname="com.yahoo.omid.tsoclient.TestTSOClientRequestAndResponseBehaviours" time="0.341"/>
  <testcase name="testCommitTimestampPresentInCommitTableReturnsCommit" classname="com.yahoo.omid.tsoclient.TestTSOClientRequestAndResponseBehaviours" time="0.182"/>
  <testcase name="testDuplicateCommit" classname="com.yahoo.omid.tsoclient.TestTSOClientRequestAndResponseBehaviours" time="0.118"/>
  <testcase name="testDuplicateCommitAborting" classname="com.yahoo.omid.tsoclient.TestTSOClientRequestAndResponseBehaviours" time="0.118"/>
  <testcase name="testHandshakeBetweenOldClientAndCurrentServer" classname="com.yahoo.omid.tsoclient.TestTSOClientRequestAndResponseBehaviours" time="0.031"/>
  <testcase name="testInvalidCommitTimestampPresentInCommitTableReturnsAbort" classname="com.yahoo.omid.tsoclient.TestTSOClientRequestAndResponseBehaviours" time="0.065"/>
  <testcase name="testOutOfOrderMessages" classname="com.yahoo.omid.tsoclient.TestTSOClientRequestAndResponseBehaviours" time="0.079"/>
  <testcase name="testTimeoutsAreCancelled" classname="com.yahoo.omid.tsoclient.TestTSOClientRequestAndResponseBehaviours" time="5.898"/>
  <testcase name="testTimestampRequestSucceedWithMultipleTimeouts" classname="com.yahoo.omid.tsoclient.TestTSOClientRequestAndResponseBehaviours" time="1.018"/>
</testsuite>