<?xml version="1.0" encoding="UTF-8"?>
<!-- Generated by org.testng.reporters.JUnitReportReporter -->
<testsuite hostname="testing-gce-fb862589-bb66-4e53-8fb4-63c45588e22a.c.travis-ci-prod-3.internal" name="com.yahoo.omid.committable.NullCommitTableTest" tests="1" failures="0" timestamp="15 Mar 2016 17:22:49 GMT" time="0.025" errors="0">
  <testcase name="testClientAndWriter" time="0.025" classname="com.yahoo.omid.committable.NullCommitTableTest"/>
</testsuite> <!-- com.yahoo.omid.committable.NullCommitTableTest -->
