<?xml version="1.0" encoding="UTF-8"?>
<!-- Generated by org.testng.reporters.JUnitReportReporter -->
<testsuite hostname="testing-gce-620a82cd-cc99-44e6-916e-7113bc1c7b8f.c.travis-ci-prod-5.internal" name="com.yahoo.statemachine.TestStateMachine" tests="1" failures="0" timestamp="14 Mar 2016 18:11:41 GMT" time="0.029" errors="0">
  <testcase name="testOrdering" time="0.029" classname="com.yahoo.statemachine.TestStateMachine"/>
</testsuite> <!-- com.yahoo.statemachine.TestStateMachine -->
