<?xml version="1.0" encoding="UTF-8"?>
<!-- Generated by org.testng.reporters.JUnitReportReporter -->
<testsuite hostname="testing-gce-fb862589-bb66-4e53-8fb4-63c45588e22a.c.travis-ci-prod-3.internal" name="com.yahoo.omid.tso.TestLongCache" tests="2" failures="0" timestamp="15 Mar 2016 17:24:05 GMT" time="0.117" errors="0">
  <testcase name="testEntriesAge" time="0.030" classname="com.yahoo.omid.tso.TestLongCache"/>
  <testcase name="testAddAndGetElemsAndResetCache" time="0.087" classname="com.yahoo.omid.tso.TestLongCache"/>
</testsuite> <!-- com.yahoo.omid.tso.TestLongCache -->
