<?xml version="1.0" encoding="UTF-8"?>
<!-- Generated by org.testng.reporters.JUnitReportReporter -->
<testsuite hostname="testing-gce-fb862589-bb66-4e53-8fb4-63c45588e22a.c.travis-ci-prod-3.internal" name="com.yahoo.omid.tso.TestRequestProcessor" tests="3" failures="0" timestamp="15 Mar 2016 17:23:55 GMT" time="0.922" errors="0">
  <testcase name="testCommitRequestAbortsWhenResettingRequestProcessorState" time="0.432" classname="com.yahoo.omid.tso.TestRequestProcessor"/>
  <testcase name="testCommit" time="0.149" classname="com.yahoo.omid.tso.TestRequestProcessor"/>
  <testcase name="testTimestamp" time="0.341" classname="com.yahoo.omid.tso.TestRequestProcessor"/>
</testsuite> <!-- com.yahoo.omid.tso.TestRequestProcessor -->
