<?xml version="1.0" encoding="UTF-8"?>
<!-- Generated by org.testng.reporters.JUnitReportReporter -->
<testsuite hostname="testing-gce-fb862589-bb66-4e53-8fb4-63c45588e22a.c.travis-ci-prod-3.internal" name="com.yahoo.omid.tso.TestBatch" tests="2" failures="0" timestamp="15 Mar 2016 17:23:54 GMT" time="0.398" errors="0">
  <testcase name="testBatchFunctionalityWhenMastershipIsLost" time="0.332" classname="com.yahoo.omid.tso.TestBatch"/>
  <testcase name="testBatchFunctionality" time="0.066" classname="com.yahoo.omid.tso.TestBatch"/>
</testsuite> <!-- com.yahoo.omid.tso.TestBatch -->
