<?xml version="1.0" encoding="UTF-8"?>
<!-- Generated by org.testng.reporters.JUnitReportReporter -->
<testsuite hostname="testing-gce-fb862589-bb66-4e53-8fb4-63c45588e22a.c.travis-ci-prod-3.internal" name="com.yahoo.omid.tso.TestLeaseManager" tests="6" failures="0" timestamp="15 Mar 2016 17:24:34 GMT" time="32.327" errors="0">
  <testcase name="testLeaseHolderChangesWhenActiveLeaseManagerIsPaused" time="10.054" classname="com.yahoo.omid.tso.TestLeaseManager"/>
  <testcase name="testLeaseHolderDoesNotChangeWhenANewLeaseManagerIsUp" time="4.023" classname="com.yahoo.omid.tso.TestLeaseManager"/>
  <testcase name="testLeaseManagerPanicsWhenUnexpectedInfoIsFoundInCurrentTSOZnode" time="10.017" classname="com.yahoo.omid.tso.TestLeaseManager"/>
  <testcase name="testNonHALeaseManager" time="0.017" classname="com.yahoo.omid.tso.TestLeaseManager"/>
  <testcase name="testLeaseHolderDoesNotChangeWhenPausedForALongTimeAndTheresNoOtherInstance" time="6.029" classname="com.yahoo.omid.tso.TestLeaseManager"/>
  <testcase name="testErrorInitializingTSOStateExitsTheTSO" time="2.187" classname="com.yahoo.omid.tso.TestLeaseManager"/>
</testsuite> <!-- com.yahoo.omid.tso.TestLeaseManager -->
