<?xml version="1.0" encoding="UTF-8"?>
<!-- Generated by org.testng.reporters.JUnitReportReporter -->
<testsuite hostname="testing-gce-fb862589-bb66-4e53-8fb4-63c45588e22a.c.travis-ci-prod-3.internal" name="com.yahoo.omid.tso.TestTSOChannelHandlerNetty" tests="3" failures="0" timestamp="15 Mar 2016 17:23:58 GMT" time="2.552" errors="0">
  <testcase name="testNettyConnectionToTSOFromClient" time="2.060" classname="com.yahoo.omid.tso.TestTSOChannelHandlerNetty"/>
  <testcase name="testNettyChannelWriting" time="0.445" classname="com.yahoo.omid.tso.TestTSOChannelHandlerNetty"/>
  <testcase name="testMainAPI" time="0.047" classname="com.yahoo.omid.tso.TestTSOChannelHandlerNetty"/>
</testsuite> <!-- com.yahoo.omid.tso.TestTSOChannelHandlerNetty -->
