<?xml version="1.0" encoding="UTF-8"?>
<!-- Generated by org.testng.reporters.JUnitReportReporter -->
<testsuite hostname="testing-gce-620a82cd-cc99-44e6-916e-7113bc1c7b8f.c.travis-ci-prod-5.internal" name="com.yahoo.omid.tso.TestPersistenceProcessor" tests="7" failures="0" timestamp="14 Mar 2016 18:13:03 GMT" time="2.367" errors="0">
  <testcase name="testCommitPersistenceWithNonHALeaseManager" time="0.887" classname="com.yahoo.omid.tso.TestPersistenceProcessor"/>
  <testcase name="testCommitPersistenceWithHALeaseManager" time="0.277" classname="com.yahoo.omid.tso.TestPersistenceProcessor"/>
  <testcase name="testRuntimeExceptionOnCommitPersistenceTakesDownDaemon" time="0.111" classname="com.yahoo.omid.tso.TestPersistenceProcessor"/>
  <testcase name="testCommitPersistenceWithMultiHandlers" time="0.222" classname="com.yahoo.omid.tso.TestPersistenceProcessor"/>
  <testcase name="testCommitPersistenceWithHALeaseManagerMultiHandlers" time="0.416" classname="com.yahoo.omid.tso.TestPersistenceProcessor"/>
  <testcase name="testCommitPersistenceWithSingleHanlderInMultiHandlersEnvironment" time="0.140" classname="com.yahoo.omid.tso.TestPersistenceProcessor"/>
  <testcase name="testCommitTableExceptionOnCommitPersistenceTakesDownDaemon" time="0.314" classname="com.yahoo.omid.tso.TestPersistenceProcessor"/>
</testsuite> <!-- com.yahoo.omid.tso.TestPersistenceProcessor -->
