<?xml version="1.0" encoding="UTF-8"?>
<!-- Generated by org.testng.reporters.JUnitReportReporter -->
<testsuite hostname="testing-gce-fb862589-bb66-4e53-8fb4-63c45588e22a.c.travis-ci-prod-3.internal" name="com.yahoo.omid.tso.TestTSOStateManager" tests="2" failures="0" timestamp="15 Mar 2016 17:24:07 GMT" time="0.066" errors="0">
  <testcase name="testObserverRegistrationAndDeregistrationForStateChanges" time="0.041" classname="com.yahoo.omid.tso.TestTSOStateManager"/>
  <testcase name="testResetOfTSOServerState" time="0.025" classname="com.yahoo.omid.tso.TestTSOStateManager"/>
</testsuite> <!-- com.yahoo.omid.tso.TestTSOStateManager -->
