<?xml version="1.0" encoding="UTF-8"?>
<!-- Generated by org.testng.reporters.JUnitReportReporter -->
<testsuite hostname="testing-gce-620a82cd-cc99-44e6-916e-7113bc1c7b8f.c.travis-ci-prod-5.internal" name="com.yahoo.omid.tso.TestTSOStateManager" tests="2" failures="0" timestamp="14 Mar 2016 18:13:09 GMT" time="0.071" errors="0">
  <testcase name="testObserverRegistrationAndDeregistrationForStateChanges" time="0.044" classname="com.yahoo.omid.tso.TestTSOStateManager"/>
  <testcase name="testResetOfTSOServerState" time="0.027" classname="com.yahoo.omid.tso.TestTSOStateManager"/>
</testsuite> <!-- com.yahoo.omid.tso.TestTSOStateManager -->
