<?xml version="1.0" encoding="UTF-8"?>
<!-- Generated by org.testng.reporters.JUnitReportReporter -->
<testsuite hostname="testing-gce-620a82cd-cc99-44e6-916e-7113bc1c7b8f.c.travis-ci-prod-5.internal" name="com.yahoo.omid.tso.TestBatch" tests="2" failures="0" timestamp="14 Mar 2016 18:12:57 GMT" time="0.270" errors="0">
  <testcase name="testBatchFunctionalityWhenMastershipIsLost" time="0.011" classname="com.yahoo.omid.tso.TestBatch"/>
  <testcase name="testBatchFunctionality" time="0.259" classname="com.yahoo.omid.tso.TestBatch"/>
</testsuite> <!-- com.yahoo.omid.tso.TestBatch -->
