<?xml version="1.0" encoding="UTF-8"?>
<!-- Generated by org.testng.reporters.JUnitReportReporter -->
<testsuite hostname="testing-gce-620a82cd-cc99-44e6-916e-7113bc1c7b8f.c.travis-ci-prod-5.internal" name="com.yahoo.omid.tsoclient.TestUnconnectedTSOClient" tests="1" failures="0" timestamp="14 Mar 2016 18:13:20 GMT" time="8.390" errors="0">
  <testcase name="testRequestsDoneOnAnUnconnectedTSOClientAlwaysReturn" time="8.390" classname="com.yahoo.omid.tsoclient.TestUnconnectedTSOClient"/>
</testsuite> <!-- com.yahoo.omid.tsoclient.TestUnconnectedTSOClient -->
