<?xml version="1.0" encoding="UTF-8"?>
<!-- Generated by org.testng.reporters.JUnitReportReporter -->
<testsuite hostname="testing-gce-fb862589-bb66-4e53-8fb4-63c45588e22a.c.travis-ci-prod-3.internal" name="com.yahoo.omid.tso.TestTimestampOracle" tests="2" failures="0" timestamp="15 Mar 2016 17:24:03 GMT" time="0.335" errors="0">
  <testcase name="testTimestampOraclePanicsWhenTheStorageHasProblems" time="0.243" classname="com.yahoo.omid.tso.TestTimestampOracle"/>
  <testcase name="testMonotonicTimestampGrowth" time="0.092" classname="com.yahoo.omid.tso.TestTimestampOracle"/>
</testsuite> <!-- com.yahoo.omid.tso.TestTimestampOracle -->
