<?xml version="1.0" encoding="UTF-8"?>
<!-- Generated by org.testng.reporters.JUnitReportReporter -->
<testsuite hostname="testing-gce-620a82cd-cc99-44e6-916e-7113bc1c7b8f.c.travis-ci-prod-5.internal" name="com.yahoo.omid.tsoclient.TestTSOClientRequestAndResponseBehaviours" tests="13" failures="0" timestamp="14 Mar 2016 18:13:52 GMT" time="9.682" errors="0">
  <testcase name="testCommitGetsServiceUnavailableExceptionWhenCommunicationFails" time="0.434" classname="com.yahoo.omid.tsoclient.TestTSOClientRequestAndResponseBehaviours"/>
  <testcase name="testTimestampRequestSucceedWithMultipleTimeouts" time="1.045" classname="com.yahoo.omid.tsoclient.TestTSOClientRequestAndResponseBehaviours"/>
  <testcase name="testDuplicateCommit" time="0.163" classname="com.yahoo.omid.tsoclient.TestTSOClientRequestAndResponseBehaviours"/>
  <testcase name="testHandshakeBetweenOldClientAndCurrentServer" time="0.022" classname="com.yahoo.omid.tsoclient.TestTSOClientRequestAndResponseBehaviours"/>
  <testcase name="testCommitCanSucceedWhenChannelDisconnected" time="0.786" classname="com.yahoo.omid.tsoclient.TestTSOClientRequestAndResponseBehaviours"/>
  <testcase name="testCommitCanSucceedWithMultipleTimeouts" time="1.353" classname="com.yahoo.omid.tsoclient.TestTSOClientRequestAndResponseBehaviours"/>
  <testcase name="testInvalidCommitTimestampPresentInCommitTableReturnsAbort" time="0.073" classname="com.yahoo.omid.tsoclient.TestTSOClientRequestAndResponseBehaviours"/>
  <testcase name="testDuplicateCommitAborting" time="0.130" classname="com.yahoo.omid.tsoclient.TestTSOClientRequestAndResponseBehaviours"/>
  <testcase name="testCommitTimestampPresentInCommitTableReturnsCommit" time="0.291" classname="com.yahoo.omid.tsoclient.TestTSOClientRequestAndResponseBehaviours"/>
  <testcase name="testOutOfOrderMessages" time="0.095" classname="com.yahoo.omid.tsoclient.TestTSOClientRequestAndResponseBehaviours"/>
  <testcase name="testTimeoutsAreCancelled" time="0.926" classname="com.yahoo.omid.tsoclient.TestTSOClientRequestAndResponseBehaviours"/>
  <testcase name="testCommitFailWhenTSOIsDown" time="1.466" classname="com.yahoo.omid.tsoclient.TestTSOClientRequestAndResponseBehaviours"/>
  <testcase name="testCommitTimestampNotPresentInCommitTableReturnsAnAbort" time="2.898" classname="com.yahoo.omid.tsoclient.TestTSOClientRequestAndResponseBehaviours"/>
</testsuite> <!-- com.yahoo.omid.tsoclient.TestTSOClientRequestAndResponseBehaviours -->
