<?xml version="1.0" encoding="UTF-8"?>
<!-- Generated by org.testng.reporters.JUnitReportReporter -->
<testsuite hostname="testing-gce-620a82cd-cc99-44e6-916e-7113bc1c7b8f.c.travis-ci-prod-5.internal" name="com.yahoo.omid.tso.TestRetryProcessor" tests="2" failures="0" timestamp="14 Mar 2016 18:13:11 GMT" time="0.335" errors="0">
  <testcase name="testRetriedRequestForInvalidatedTransactionReturnsAnAbort" time="0.227" classname="com.yahoo.omid.tso.TestRetryProcessor"/>
  <testcase name="testBasicFunctionality" time="0.108" classname="com.yahoo.omid.tso.TestRetryProcessor"/>
</testsuite> <!-- com.yahoo.omid.tso.TestRetryProcessor -->
