<?xml version="1.0" encoding="UTF-8"?>
<!-- Generated by org.testng.reporters.JUnitReportReporter -->
<testsuite hostname="testing-gce-620a82cd-cc99-44e6-916e-7113bc1c7b8f.c.travis-ci-prod-5.internal" name="com.yahoo.omid.tso.TestPanicker" tests="3" failures="0" timestamp="14 Mar 2016 18:13:07 GMT" time="0.616" errors="0">
  <testcase name="testCommitTablePanic" time="0.268" classname="com.yahoo.omid.tso.TestPanicker"/>
  <testcase name="testTimestampOraclePanic" time="0.046" classname="com.yahoo.omid.tso.TestPanicker"/>
  <testcase name="testRuntimeExceptionTakesDownDaemon" time="0.302" classname="com.yahoo.omid.tso.TestPanicker"/>
</testsuite> <!-- com.yahoo.omid.tso.TestPanicker -->
