<?xml version="1.0" encoding="UTF-8"?>
<!-- Generated by org.testng.reporters.JUnitReportReporter -->
<testsuite hostname="testing-gce-fb862589-bb66-4e53-8fb4-63c45588e22a.c.travis-ci-prod-3.internal" name="com.yahoo.omid.tsoclient.TestTSOClientResponseHandling" tests="4" failures="0" timestamp="15 Mar 2016 17:24:18 GMT" time="0.152" errors="0">
  <testcase name="testTimestampRequestReceivingASuccessfulResponse" time="0.003" classname="com.yahoo.omid.tsoclient.TestTSOClientResponseHandling"/>
  <testcase name="testCommitRequestReceivingAnAbortResponse" time="0.001" classname="com.yahoo.omid.tsoclient.TestTSOClientResponseHandling"/>
  <testcase name="testCommitRequestReceivingASuccessfulResponse" time="0.000" classname="com.yahoo.omid.tsoclient.TestTSOClientResponseHandling"/>
  <testcase name="testCommitRequestReceivingAHeuristicResponse" time="0.148" classname="com.yahoo.omid.tsoclient.TestTSOClientResponseHandling"/>
</testsuite> <!-- com.yahoo.omid.tsoclient.TestTSOClientResponseHandling -->
