<?xml version="1.0" encoding="UTF-8"?>
<!-- Generated by org.testng.reporters.JUnitReportReporter -->
<testsuite hostname="testing-gce-fb862589-bb66-4e53-8fb4-63c45588e22a.c.travis-ci-prod-3.internal" name="com.yahoo.omid.tso.TestPanicker" tests="3" failures="0" timestamp="15 Mar 2016 17:24:04 GMT" time="0.642" errors="0">
  <testcase name="testCommitTablePanic" time="0.281" classname="com.yahoo.omid.tso.TestPanicker"/>
  <testcase name="testTimestampOraclePanic" time="0.041" classname="com.yahoo.omid.tso.TestPanicker"/>
  <testcase name="testRuntimeExceptionTakesDownDaemon" time="0.320" classname="com.yahoo.omid.tso.TestPanicker"/>
</testsuite> <!-- com.yahoo.omid.tso.TestPanicker -->
