<?xml version="1.0" encoding="UTF-8"?>
<!-- Generated by org.testng.reporters.JUnitReportReporter -->
<testsuite hostname="testing-gce-fb862589-bb66-4e53-8fb4-63c45588e22a.c.travis-ci-prod-3.internal" name="com.yahoo.omid.tsoclient.TestTSOClientConnectionToTSO" tests="4" failures="0" timestamp="15 Mar 2016 17:24:46 GMT" time="21.015" errors="0">
  <testcase name="testSuccessfulConnectionToTSOWithHostAndPort" time="2.513" classname="com.yahoo.omid.tsoclient.TestTSOClientConnectionToTSO"/>
  <testcase name="testUnsuccessfulConnectionToTSO" time="1.180" classname="com.yahoo.omid.tsoclient.TestTSOClientConnectionToTSO"/>
  <testcase name="testSuccessfulConnectionToTSOThroughZK" time="3.613" classname="com.yahoo.omid.tsoclient.TestTSOClientConnectionToTSO"/>
  <testcase name="testSuccessOfTSOClientReconnectionsToARestartedTSOWithZKPublishing" time="13.709" classname="com.yahoo.omid.tsoclient.TestTSOClientConnectionToTSO"/>
</testsuite> <!-- com.yahoo.omid.tsoclient.TestTSOClientConnectionToTSO -->
