<?xml version="1.0" encoding="UTF-8"?>
<!-- Generated by org.testng.reporters.JUnitReportReporter -->
<testsuite hostname="testing-gce-fb862589-bb66-4e53-8fb4-63c45588e22a.c.travis-ci-prod-3.internal" name="com.yahoo.omid.tsoclient.TestTSOClientRequestAndResponseBehaviours" tests="13" failures="0" timestamp="15 Mar 2016 17:24:54 GMT" time="14.868" errors="0">
  <testcase name="testDuplicateCommit" time="0.664" classname="com.yahoo.omid.tsoclient.TestTSOClientRequestAndResponseBehaviours"/>
  <testcase name="testCommitCanSucceedWithMultipleTimeouts" time="1.423" classname="com.yahoo.omid.tsoclient.TestTSOClientRequestAndResponseBehaviours"/>
  <testcase name="testTimestampRequestSucceedWithMultipleTimeouts" time="1.019" classname="com.yahoo.omid.tsoclient.TestTSOClientRequestAndResponseBehaviours"/>
  <testcase name="testCommitCanSucceedWhenChannelDisconnected" time="1.089" classname="com.yahoo.omid.tsoclient.TestTSOClientRequestAndResponseBehaviours"/>
  <testcase name="testDuplicateCommitAborting" time="0.120" classname="com.yahoo.omid.tsoclient.TestTSOClientRequestAndResponseBehaviours"/>
  <testcase name="testOutOfOrderMessages" time="0.080" classname="com.yahoo.omid.tsoclient.TestTSOClientRequestAndResponseBehaviours"/>
  <testcase name="testInvalidCommitTimestampPresentInCommitTableReturnsAbort" time="0.065" classname="com.yahoo.omid.tsoclient.TestTSOClientRequestAndResponseBehaviours"/>
  <testcase name="testCommitTimestampNotPresentInCommitTableReturnsAnAbort" time="0.340" classname="com.yahoo.omid.tsoclient.TestTSOClientRequestAndResponseBehaviours"/>
  <testcase name="testTimeoutsAreCancelled" time="5.905" classname="com.yahoo.omid.tsoclient.TestTSOClientRequestAndResponseBehaviours"/>
  <testcase name="testHandshakeBetweenOldClientAndCurrentServer" time="0.031" classname="com.yahoo.omid.tsoclient.TestTSOClientRequestAndResponseBehaviours"/>
  <testcase name="testCommitGetsServiceUnavailableExceptionWhenCommunicationFails" time="2.470" classname="com.yahoo.omid.tsoclient.TestTSOClientRequestAndResponseBehaviours"/>
  <testcase name="testCommitFailWhenTSOIsDown" time="1.479" classname="com.yahoo.omid.tsoclient.TestTSOClientRequestAndResponseBehaviours"/>
  <testcase name="testCommitTimestampPresentInCommitTableReturnsCommit" time="0.183" classname="com.yahoo.omid.tsoclient.TestTSOClientRequestAndResponseBehaviours"/>
</testsuite> <!-- com.yahoo.omid.tsoclient.TestTSOClientRequestAndResponseBehaviours -->
