<?xml version="1.0" encoding="UTF-8"?>
<!-- Generated by org.testng.reporters.JUnitReportReporter -->
<testsuite hostname="testing-gce-620a82cd-cc99-44e6-916e-7113bc1c7b8f.c.travis-ci-prod-5.internal" name="com.yahoo.omid.tso.TestLeaseManager" tests="6" failures="0" timestamp="14 Mar 2016 18:13:39 GMT" time="32.555" errors="0">
  <testcase name="testLeaseHolderChangesWhenActiveLeaseManagerIsPaused" time="10.074" classname="com.yahoo.omid.tso.TestLeaseManager"/>
  <testcase name="testLeaseHolderDoesNotChangeWhenANewLeaseManagerIsUp" time="4.026" classname="com.yahoo.omid.tso.TestLeaseManager"/>
  <testcase name="testLeaseManagerPanicsWhenUnexpectedInfoIsFoundInCurrentTSOZnode" time="10.021" classname="com.yahoo.omid.tso.TestLeaseManager"/>
  <testcase name="testNonHALeaseManager" time="0.005" classname="com.yahoo.omid.tso.TestLeaseManager"/>
  <testcase name="testLeaseHolderDoesNotChangeWhenPausedForALongTimeAndTheresNoOtherInstance" time="6.046" classname="com.yahoo.omid.tso.TestLeaseManager"/>
  <testcase name="testErrorInitializingTSOStateExitsTheTSO" time="2.383" classname="com.yahoo.omid.tso.TestLeaseManager"/>
</testsuite> <!-- com.yahoo.omid.tso.TestLeaseManager -->
