<?xml version="1.0" encoding="UTF-8"?>
<!-- Generated by org.testng.reporters.JUnitReportReporter -->
<testsuite hostname="testing-gce-620a82cd-cc99-44e6-916e-7113bc1c7b8f.c.travis-ci-prod-5.internal" name="com.yahoo.omid.tsoclient.TestTSOClientConnectionToTSO" tests="4" failures="0" timestamp="14 Mar 2016 18:13:49 GMT" time="22.308" errors="0">
  <testcase name="testUnsuccessfulConnectionToTSO" time="1.371" classname="com.yahoo.omid.tsoclient.TestTSOClientConnectionToTSO"/>
  <testcase name="testSuccessOfTSOClientReconnectionsToARestartedTSOWithZKPublishing" time="13.778" classname="com.yahoo.omid.tsoclient.TestTSOClientConnectionToTSO"/>
  <testcase name="testSuccessfulConnectionToTSOThroughZK" time="4.625" classname="com.yahoo.omid.tsoclient.TestTSOClientConnectionToTSO"/>
  <testcase name="testSuccessfulConnectionToTSOWithHostAndPort" time="2.534" classname="com.yahoo.omid.tsoclient.TestTSOClientConnectionToTSO"/>
</testsuite> <!-- com.yahoo.omid.tsoclient.TestTSOClientConnectionToTSO -->
