<?xml version="1.0" encoding="UTF-8"?>
<!-- Generated by org.testng.reporters.JUnitReportReporter -->
<testsuite hostname="testing-gce-620a82cd-cc99-44e6-916e-7113bc1c7b8f.c.travis-ci-prod-5.internal" name="com.yahoo.omid.tsoclient.TestIntegrationOfTSOClientServerBasicFunctionality" tests="7" failures="0" timestamp="14 Mar 2016 18:13:26 GMT" time="2.202" errors="0">
  <testcase name="testTwoConcurrentTxWithOverlappingWritesetsHaveConflicts" time="0.012" classname="com.yahoo.omid.tsoclient.TestIntegrationOfTSOClientServerBasicFunctionality"/>
  <testcase name="testConflictsAndMonotonicallyTimestampGrowthWithTwoDifferentTSOClients" time="0.038" classname="com.yahoo.omid.tsoclient.TestIntegrationOfTSOClientServerBasicFunctionality"/>
  <testcase name="testTransactionWithMassiveWriteSetCanCommit" time="1.821" classname="com.yahoo.omid.tsoclient.TestIntegrationOfTSOClientServerBasicFunctionality"/>
  <testcase name="testMultipleSerialCommitsDoNotConflict" time="0.022" classname="com.yahoo.omid.tsoclient.TestIntegrationOfTSOClientServerBasicFunctionality"/>
  <testcase name="testTimestampsOrderingGrowMonotonically" time="0.029" classname="com.yahoo.omid.tsoclient.TestIntegrationOfTSOClientServerBasicFunctionality"/>
  <testcase name="testCommitWritesToCommitTable" time="0.261" classname="com.yahoo.omid.tsoclient.TestIntegrationOfTSOClientServerBasicFunctionality"/>
  <testcase name="testSimpleTransactionWithNoWriteSetCanCommit" time="0.019" classname="com.yahoo.omid.tsoclient.TestIntegrationOfTSOClientServerBasicFunctionality"/>
</testsuite> <!-- com.yahoo.omid.tsoclient.TestIntegrationOfTSOClientServerBasicFunctionality -->
