<?xml version="1.0" encoding="UTF-8"?>
<!-- Generated by org.testng.reporters.JUnitReportReporter -->
<testsuite hostname="testing-gce-fb862589-bb66-4e53-8fb4-63c45588e22a.c.travis-ci-prod-3.internal" name="com.yahoo.omid.tsoclient.TestUnconnectedTSOClient" tests="1" failures="0" timestamp="15 Mar 2016 17:24:17 GMT" time="8.340" errors="0">
  <testcase name="testRequestsDoneOnAnUnconnectedTSOClientAlwaysReturn" time="8.340" classname="com.yahoo.omid.tsoclient.TestUnconnectedTSOClient"/>
</testsuite> <!-- com.yahoo.omid.tsoclient.TestUnconnectedTSOClient -->
