<?xml version="1.0" encoding="UTF-8"?>
<!-- Generated by org.testng.reporters.JUnitReportReporter -->
<testsuite hostname="testing-gce-fb862589-bb66-4e53-8fb4-63c45588e22a.c.travis-ci-prod-3.internal" name="com.yahoo.omid.tsoclient.TestIntegrationOfTSOClientServerBasicFunctionality" tests="7" failures="0" timestamp="15 Mar 2016 17:24:24 GMT" time="3.333" errors="0">
  <testcase name="testTwoConcurrentTxWithOverlappingWritesetsHaveConflicts" time="0.041" classname="com.yahoo.omid.tsoclient.TestIntegrationOfTSOClientServerBasicFunctionality"/>
  <testcase name="testConflictsAndMonotonicallyTimestampGrowthWithTwoDifferentTSOClients" time="0.160" classname="com.yahoo.omid.tsoclient.TestIntegrationOfTSOClientServerBasicFunctionality"/>
  <testcase name="testTransactionWithMassiveWriteSetCanCommit" time="2.605" classname="com.yahoo.omid.tsoclient.TestIntegrationOfTSOClientServerBasicFunctionality"/>
  <testcase name="testMultipleSerialCommitsDoNotConflict" time="0.079" classname="com.yahoo.omid.tsoclient.TestIntegrationOfTSOClientServerBasicFunctionality"/>
  <testcase name="testTimestampsOrderingGrowMonotonically" time="0.088" classname="com.yahoo.omid.tsoclient.TestIntegrationOfTSOClientServerBasicFunctionality"/>
  <testcase name="testCommitWritesToCommitTable" time="0.325" classname="com.yahoo.omid.tsoclient.TestIntegrationOfTSOClientServerBasicFunctionality"/>
  <testcase name="testSimpleTransactionWithNoWriteSetCanCommit" time="0.035" classname="com.yahoo.omid.tsoclient.TestIntegrationOfTSOClientServerBasicFunctionality"/>
</testsuite> <!-- com.yahoo.omid.tsoclient.TestIntegrationOfTSOClientServerBasicFunctionality -->
