<?xml version="1.0" encoding="UTF-8"?>
<!-- Generated by org.testng.reporters.JUnitReportReporter -->
<testsuite hostname="testing-gce-620a82cd-cc99-44e6-916e-7113bc1c7b8f.c.travis-ci-prod-5.internal" name="com.yahoo.omid.tso.TestTSOChannelHandlerNetty" tests="3" failures="0" timestamp="14 Mar 2016 18:13:02 GMT" time="2.693" errors="0">
  <testcase name="testNettyConnectionToTSOFromClient" time="2.088" classname="com.yahoo.omid.tso.TestTSOChannelHandlerNetty"/>
  <testcase name="testNettyChannelWriting" time="0.556" classname="com.yahoo.omid.tso.TestTSOChannelHandlerNetty"/>
  <testcase name="testMainAPI" time="0.049" classname="com.yahoo.omid.tso.TestTSOChannelHandlerNetty"/>
</testsuite> <!-- com.yahoo.omid.tso.TestTSOChannelHandlerNetty -->
