<?xml version="1.0" encoding="UTF-8"?>
<!-- Generated by org.testng.reporters.JUnitReportReporter -->
<testsuite hostname="testing-gce-620a82cd-cc99-44e6-916e-7113bc1c7b8f.c.travis-ci-prod-5.internal" name="com.yahoo.omid.tso.TestRequestProcessor" tests="3" failures="0" timestamp="14 Mar 2016 18:12:59 GMT" time="0.826" errors="0">
  <testcase name="testCommitRequestAbortsWhenResettingRequestProcessorState" time="0.574" classname="com.yahoo.omid.tso.TestRequestProcessor"/>
  <testcase name="testCommit" time="0.119" classname="com.yahoo.omid.tso.TestRequestProcessor"/>
  <testcase name="testTimestamp" time="0.133" classname="com.yahoo.omid.tso.TestRequestProcessor"/>
</testsuite> <!-- com.yahoo.omid.tso.TestRequestProcessor -->
