<?xml version="1.0" encoding="UTF-8"?>
<!-- Generated by org.testng.reporters.JUnitReportReporter -->
<testsuite hostname="testing-gce-fb862589-bb66-4e53-8fb4-63c45588e22a.c.travis-ci-prod-3.internal" name="com.yahoo.omid.tso.TestRetryProcessor" tests="2" failures="0" timestamp="15 Mar 2016 17:24:08 GMT" time="0.283" errors="0">
  <testcase name="testRetriedRequestForInvalidatedTransactionReturnsAnAbort" time="0.193" classname="com.yahoo.omid.tso.TestRetryProcessor"/>
  <testcase name="testBasicFunctionality" time="0.090" classname="com.yahoo.omid.tso.TestRetryProcessor"/>
</testsuite> <!-- com.yahoo.omid.tso.TestRetryProcessor -->
