<?xml version="1.0" encoding="UTF-8"?>
<!-- Generated by org.testng.reporters.JUnitReportReporter -->
<testsuite hostname="testing-gce-620a82cd-cc99-44e6-916e-7113bc1c7b8f.c.travis-ci-prod-5.internal" name="com.yahoo.omid.tsoclient.TestTSOClientResponseHandling" tests="4" failures="0" timestamp="14 Mar 2016 18:13:21 GMT" time="0.126" errors="0">
  <testcase name="testTimestampRequestReceivingASuccessfulResponse" time="0.003" classname="com.yahoo.omid.tsoclient.TestTSOClientResponseHandling"/>
  <testcase name="testCommitRequestReceivingAnAbortResponse" time="0.001" classname="com.yahoo.omid.tsoclient.TestTSOClientResponseHandling"/>
  <testcase name="testCommitRequestReceivingASuccessfulResponse" time="0.001" classname="com.yahoo.omid.tsoclient.TestTSOClientResponseHandling"/>
  <testcase name="testCommitRequestReceivingAHeuristicResponse" time="0.121" classname="com.yahoo.omid.tsoclient.TestTSOClientResponseHandling"/>
</testsuite> <!-- com.yahoo.omid.tsoclient.TestTSOClientResponseHandling -->
