<?xml version="1.0" encoding="UTF-8"?>
<!-- Generated by org.testng.reporters.JUnitReportReporter -->
<testsuite hostname="testing-gce-fb862589-bb66-4e53-8fb4-63c45588e22a.c.travis-ci-prod-3.internal" name="com.yahoo.omid.tools.hbase.TestOmidTableManager" tests="4" failures="0" timestamp="15 Mar 2016 17:23:31 GMT" time="3.766" errors="0">
  <testcase name="testExceptionIsThrownWhenSpecifyingAWrongCommand" time="0.004" classname="com.yahoo.omid.tools.hbase.TestOmidTableManager"/>
  <testcase name="testCreateCustomCommitTableSucceeds" time="0.261" classname="com.yahoo.omid.tools.hbase.TestOmidTableManager"/>
  <testcase name="testCreateDefaultTimestampTableSucceeds" time="1.244" classname="com.yahoo.omid.tools.hbase.TestOmidTableManager"/>
  <testcase name="testCreateDefaultCommitTableSucceeds" time="2.257" classname="com.yahoo.omid.tools.hbase.TestOmidTableManager"/>
</testsuite> <!-- com.yahoo.omid.tools.hbase.TestOmidTableManager -->
