<?xml version="1.0" encoding="UTF-8"?>
<!-- Generated by org.testng.reporters.JUnitReportReporter -->
<testsuite hostname="testing-gce-fb862589-bb66-4e53-8fb4-63c45588e22a.c.travis-ci-prod-3.internal" name="com.yahoo.omid.tsoclient.TestMockTSOClient" tests="2" failures="0" timestamp="15 Mar 2016 17:22:53 GMT" time="0.150" errors="0">
  <testcase name="testConflicts" time="0.126" classname="com.yahoo.omid.tsoclient.TestMockTSOClient"/>
  <testcase name="testWatermarkUpdate" time="0.024" classname="com.yahoo.omid.tsoclient.TestMockTSOClient"/>
</testsuite> <!-- com.yahoo.omid.tsoclient.TestMockTSOClient -->
