<?xml version="1.0" encoding="UTF-8"?>
<!-- Generated by org.testng.reporters.JUnitReportReporter -->
<testsuite hostname="testing-gce-620a82cd-cc99-44e6-916e-7113bc1c7b8f.c.travis-ci-prod-5.internal" name="com.yahoo.omid.tsoclient.TestOmidClientConfiguration" tests="1" failures="0" timestamp="14 Mar 2016 18:11:47 GMT" time="0.379" errors="0">
  <testcase name="testYamlReading" time="0.379" classname="com.yahoo.omid.tsoclient.TestOmidClientConfiguration"/>
</testsuite> <!-- com.yahoo.omid.tsoclient.TestOmidClientConfiguration -->
